<?xml version="1.0" encoding="UTF-8" ?>
<testsuite tests="1" failures="0" name="MVCTest" time="0.846" errors="1" skipped="0">
  <properties>
[...]
</properties>
  <testcase classname="MVCTest" name="testPage" time="0.846">
    <error type="java.lang.NullPointerException">java.lang.NullPointerException
	at MVCTest.testPage(MVCTest.java:44)
	at sun.reflect.NativeMethodAccessorImpl.invoke0(Native Method)
	at sun.reflect.NativeMethodAccessorImpl.invoke(NativeMethodAccessorImpl.java:62)
	at sun.reflect.DelegatingMethodAccessorImpl.invoke(DelegatingMethodAccessorImpl.java:43)
	at java.lang.reflect.Method.invoke(Method.java:498)
	at org.junit.runners.model.FrameworkMethod$1.runReflectiveCall(FrameworkMethod.java:50)
	at org.junit.internal.runners.model.ReflectiveCallable.run(ReflectiveCallable.java:12)
	at org.junit.runners.model.FrameworkMethod.invokeExplosively(FrameworkMethod.java:47)
	at org.junit.internal.runners.statements.InvokeMethod.evaluate(InvokeMethod.java:17)
	at org.springframework.test.context.junit4.statements.RunBeforeTestExecutionCallbacks.evaluate(RunBeforeTestExecutionCallbacks.java:74)
	at org.springframework.test.context.junit4.statements.RunAfterTestExecutionCallbacks.evaluate(RunAfterTestExecutionCallbacks.java:84)
	at org.junit.internal.runners.statements.RunBefores.evaluate(RunBefores.java:26)
	at org.springframework.test.context.junit4.statements.RunBeforeTestMethodCallbacks.evaluate(RunBeforeTestMethodCallbacks.java:75)
	at org.springframework.test.context.junit4.statements.RunAfterTestMethodCallbacks.evaluate(RunAfterTestMethodCallbacks.java:86)
	at org.springframework.test.context.junit4.statements.SpringRepeat.evaluate(SpringRepeat.java:84)
	at org.junit.runners.ParentRunner.runLeaf(ParentRunner.java:325)
	at org.springframework.test.context.junit4.SpringJUnit4ClassRunner.runChild(SpringJUnit4ClassRunner.java:251)
	at org.springframework.test.context.junit4.SpringJUnit4ClassRunner.runChild(SpringJUnit4ClassRunner.java:97)
	at org.junit.runners.ParentRunner$3.run(ParentRunner.java:290)
	at org.junit.runners.ParentRunner$1.schedule(ParentRunner.java:71)
	at org.junit.runners.ParentRunner.runChildren(ParentRunner.java:288)
	at org.junit.runners.ParentRunner.access$000(ParentRunner.java:58)
	at org.junit.runners.ParentRunner$2.evaluate(ParentRunner.java:268)
	at org.springframework.test.context.junit4.statements.RunBeforeTestClassCallbacks.evaluate(RunBeforeTestClassCallbacks.java:61)
	at org.springframework.test.context.junit4.statements.RunAfterTestClassCallbacks.evaluate(RunAfterTestClassCallbacks.java:70)
	at org.junit.runners.ParentRunner.run(ParentRunner.java:363)
	at org.springframework.test.context.junit4.SpringJUnit4ClassRunner.run(SpringJUnit4ClassRunner.java:190)
	at org.apache.maven.surefire.junit4.JUnit4Provider.execute(JUnit4Provider.java:252)
	at org.apache.maven.surefire.junit4.JUnit4Provider.executeTestSet(JUnit4Provider.java:141)
	at org.apache.maven.surefire.junit4.JUnit4Provider.invoke(JUnit4Provider.java:112)
	at sun.reflect.NativeMethodAccessorImpl.invoke0(Native Method)
	at sun.reflect.NativeMethodAccessorImpl.invoke(NativeMethodAccessorImpl.java:62)
	at sun.reflect.DelegatingMethodAccessorImpl.invoke(DelegatingMethodAccessorImpl.java:43)
	at java.lang.reflect.Method.invoke(Method.java:498)
	at org.apache.maven.surefire.util.ReflectionUtils.invokeMethodWithArray(ReflectionUtils.java:189)
	at org.apache.maven.surefire.booter.ProviderFactory$ProviderProxy.invoke(ProviderFactory.java:165)
	at org.apache.maven.surefire.booter.ProviderFactory.invokeProvider(ProviderFactory.java:85)
	at org.apache.maven.surefire.booter.ForkedBooter.runSuitesInProcess(ForkedBooter.java:115)
	at org.apache.maven.surefire.booter.ForkedBooter.main(ForkedBooter.java:75)
</error>
    <system-err>���� 16, 2022 12:30:06 ���� org.springframework.test.context.support.AbstractTestContextBootstrapper getDefaultTestExecutionListenerClassNames
��Ϣ: Loaded default TestExecutionListener class names from location [META-INF/spring.factories]: [org.springframework.test.context.web.ServletTestExecutionListener, org.springframework.test.context.support.DirtiesContextBeforeModesTestExecutionListener, org.springframework.test.context.event.ApplicationEventsTestExecutionListener, org.springframework.test.context.support.DependencyInjectionTestExecutionListener, org.springframework.test.context.support.DirtiesContextTestExecutionListener, org.springframework.test.context.transaction.TransactionalTestExecutionListener, org.springframework.test.context.jdbc.SqlScriptsTestExecutionListener, org.springframework.test.context.event.EventPublishingTestExecutionListener]
���� 16, 2022 12:30:06 ���� org.springframework.test.context.support.AbstractTestContextBootstrapper getTestExecutionListeners
��Ϣ: Using TestExecutionListeners: [org.springframework.test.context.web.ServletTestExecutionListener@52b06bef, org.springframework.test.context.support.DirtiesContextBeforeModesTestExecutionListener@61bcbcce, org.springframework.test.context.event.ApplicationEventsTestExecutionListener@6af91cc8, org.springframework.test.context.support.DependencyInjectionTestExecutionListener@6232ffdb, org.springframework.test.context.support.DirtiesContextTestExecutionListener@330c1f61, org.springframework.test.context.transaction.TransactionalTestExecutionListener@37d28f02, org.springframework.test.context.jdbc.SqlScriptsTestExecutionListener@15efda6c, org.springframework.test.context.event.EventPublishingTestExecutionListener@6056232d]
���� 16, 2022 12:30:07 ���� org.springframework.mock.web.MockServletContext log
��Ϣ: Initializing Spring TestDispatcherServlet &apos;&apos;
���� 16, 2022 12:30:07 ���� org.springframework.web.servlet.FrameworkServlet initServletBean
��Ϣ: Initializing Servlet &apos;&apos;
���� 16, 2022 12:30:07 ���� org.springframework.web.servlet.FrameworkServlet initServletBean
��Ϣ: Completed initialization in 2 ms
���� 16, 2022 12:30:07 ���� com.mchange.v2.c3p0.impl.AbstractPoolBackedDataSource 
��Ϣ: Initializing c3p0 pool... com.mchange.v2.c3p0.ComboPooledDataSource [ acquireIncrement -&gt; 3, acquireRetryAttempts -&gt; 30, acquireRetryDelay -&gt; 1000, autoCommitOnClose -&gt; false, automaticTestTable -&gt; null, breakAfterAcquireFailure -&gt; false, checkoutTimeout -&gt; 0, connectionCustomizerClassName -&gt; null, connectionTesterClassName -&gt; com.mchange.v2.c3p0.impl.DefaultConnectionTester, contextClassLoaderSource -&gt; caller, dataSourceName -&gt; 1hgeuipaodhsa22lcauyi|35c9a231, debugUnreturnedConnectionStackTraces -&gt; false, description -&gt; null, driverClass -&gt; com.mysql.cj.jdbc.Driver, extensions -&gt; {}, factoryClassLocation -&gt; null, forceIgnoreUnresolvedTransactions -&gt; false, forceSynchronousCheckins -&gt; false, forceUseNamedDriverClass -&gt; false, identityToken -&gt; 1hgeuipaodhsa22lcauyi|35c9a231, idleConnectionTestPeriod -&gt; 0, initialPoolSize -&gt; 3, jdbcUrl -&gt; jdbc:mysql://localhost:3306/ssm_crud, maxAdministrativeTaskTime -&gt; 0, maxConnectionAge -&gt; 0, maxIdleTime -&gt; 0, maxIdleTimeExcessConnections -&gt; 0, maxPoolSize -&gt; 15, maxStatements -&gt; 0, maxStatementsPerConnection -&gt; 0, minPoolSize -&gt; 3, numHelperThreads -&gt; 3, preferredTestQuery -&gt; null, privilegeSpawnedThreads -&gt; false, properties -&gt; {user=******, password=******}, propertyCycle -&gt; 0, statementCacheNumDeferredCloseThreads -&gt; 0, testConnectionOnCheckin -&gt; false, testConnectionOnCheckout -&gt; false, unreturnedConnectionTimeout -&gt; 0, userOverrides -&gt; {}, usesTraditionalReflectiveProxies -&gt; false ]
</system-err>
  </testcase>
</testsuite>